Start testing: Mar 03 08:33 Türkiye Standart Saati
----------------------------------------------------------
Unable to find executable: unit_tests_NOT_BUILT
1/1 Testing: unit_tests_NOT_BUILT
1/1 Test: unit_tests_NOT_BUILT
Command: ""
Directory: C:/Users/Kerem/CLionProjects/Black_Engine/build/tests
"unit_tests_NOT_BUILT" start time: 
Output:
----------------------------------------------------------
<end of output>
Test time =   0.00 sec
----------------------------------------------------------
Test Passed.
"unit_tests_NOT_BUILT" end time: Mar 03 08:33 Türkiye Standart Saati
"unit_tests_NOT_BUILT" time elapsed: 00:00:00
----------------------------------------------------------

End testing: Mar 03 08:33 Türkiye Standart Saati
